*design* DebussyLib (btIdent Verdi_O-2018.09-SP2)
Command arguments:
    +define+verilog
    -sv
    -f filelist.f
        ../rtl/flipflop.v
        ../tb/transaction.sv
        ../tb/tx_if.sv
        ../tb/tx_driver.sv
        ../tb/tx_sequencer.sv
        ../tb/tx_agent.sv
        ../tb/rx_if.sv
        ../tb/rx_monitor.sv
        ../tb/rx_agent.sv
        ../tb/scoreboard.sv
        ../tb/tx_sequence.sv
        ../tb/env.sv
        ../tb/cov_port.sv
        ../tb/assertion.sv
        ../tb/simtop.sv
        ./my_test.sv
        ./my_seq.sv
    -rcFile
    /home/ICer/dark.rc


*Warning* failed to find the class 'uvm_sequence_item'.
"../tb/transaction.sv", 2: 

*Error* macro `uvm_object_utils_begin not defined
"../tb/transaction.sv", 11: 

*Error* macro `uvm_field_sarray_int not defined
"../tb/transaction.sv", 14: 

*Error* macro `uvm_field_int not defined
"../tb/transaction.sv", 16: 

*Error* macro `uvm_field_int not defined
"../tb/transaction.sv", 17: 

*Error* macro `uvm_field_int not defined
"../tb/transaction.sv", 18: 

*Error* macro `uvm_object_utils_end not defined
"../tb/transaction.sv", 20: 

*Warning* failed to find the class 'uvm_driver'.
"../tb/tx_driver.sv", 2: 

*Warning* 'uvm_driver' is not a parameter type.
"../tb/tx_driver.sv", 2: 

*Error* Syntax error at #
"../tb/tx_driver.sv", 5: 

*Error* macro `uvm_component_utils not defined
"../tb/tx_driver.sv", 7: 

*Error* Syntax error at parent
"../tb/tx_driver.sv", 11: 

*Error* Syntax error at phase
"../tb/tx_driver.sv", 12: 

*Error* Syntax error at phase
"../tb/tx_driver.sv", 13: 

*Error* Syntax error at phase
"../tb/tx_driver.sv", 14: 

*Error* Syntax error at phase
"../tb/tx_driver.sv", 15: 

*Error* Syntax error at parent
"../tb/tx_driver.sv", 21: 

*Error* Syntax error at phase
"../tb/tx_driver.sv", 26: 

*Error* macro `uvm_info not defined
"../tb/tx_driver.sv", 27: 

*Error* macro `uvm_fatal not defined
"../tb/tx_driver.sv", 31: 

*Error* Syntax error at phase
"../tb/tx_driver.sv", 36: 

*Error* macro `uvm_info not defined
"../tb/tx_driver.sv", 38: 

*Error* Syntax error at phase
"../tb/tx_driver.sv", 44: 

*Error* macro `uvm_info not defined
"../tb/tx_driver.sv", 45: 

*Error* Syntax error at phase
"../tb/tx_driver.sv", 50: 

*Error* macro `uvm_info not defined
"../tb/tx_driver.sv", 51: 

*Error* macro `uvm_info not defined
"../tb/tx_driver.sv", 54: 

*Error* macro `uvm_info not defined
"../tb/tx_driver.sv", 56: 

*Error* macro `uvm_info not defined
"../tb/tx_driver.sv", 89: 

*Error* macro `uvm_info not defined
"../tb/tx_driver.sv", 90: 

*Error* Syntax error at )
"../tb/tx_driver.sv", 90: 

*Error* macro `uvm_info not defined
"../tb/tx_driver.sv", 91: 

*Error* Syntax error at )
"../tb/tx_driver.sv", 91: 

*Error* macro `uvm_info not defined
"../tb/tx_driver.sv", 92: 

*Error* Syntax error at )
"../tb/tx_driver.sv", 92: 

*Error* macro `uvm_info not defined
"../tb/tx_driver.sv", 93: 

*Error* Syntax error at )
"../tb/tx_driver.sv", 93: 

*Error* macro `uvm_info not defined
"../tb/tx_driver.sv", 94: 

*Error* Syntax error at )
"../tb/tx_driver.sv", 94: 

*Error* macro `uvm_info not defined
"../tb/tx_driver.sv", 95: 

*Error* Syntax error at )
"../tb/tx_driver.sv", 95: 

*Warning* failed to find the class 'uvm_sequencer'.
"../tb/tx_sequencer.sv", 2: 

*Warning* 'uvm_sequencer' is not a parameter type.
"../tb/tx_sequencer.sv", 2: 

*Error* Syntax error at parent
"../tb/tx_sequencer.sv", 4: 

*Error* Syntax error at phase
"../tb/tx_sequencer.sv", 5: 

*Error* macro `uvm_component_utils not defined
"../tb/tx_sequencer.sv", 7: 

*Error* Syntax error at parent
"../tb/tx_sequencer.sv", 13: 

*Error* Syntax error at phase
"../tb/tx_sequencer.sv", 18: 

*Warning* failed to find the class 'uvm_agent'.
"../tb/tx_agent.sv", 2: 

*Error* Syntax error at parent
"../tb/tx_agent.sv", 7: 

*Error* Syntax error at phase
"../tb/tx_agent.sv", 8: 

*Error* Syntax error at phase
"../tb/tx_agent.sv", 9: 

*Error* Syntax error at #
"../tb/tx_agent.sv", 11: 

*Error* macro `uvm_component_utils_begin not defined
"../tb/tx_agent.sv", 13: 

*Error* macro `uvm_field_object not defined
"../tb/tx_agent.sv", 14: 

*Error* macro `uvm_field_object not defined
"../tb/tx_agent.sv", 15: 

*Error* macro `uvm_component_utils_end not defined
"../tb/tx_agent.sv", 16: 

*Error* Syntax error at parent
"../tb/tx_agent.sv", 20: 

*Error* Syntax error at phase
"../tb/tx_agent.sv", 24: 

*Error* Syntax error at super
"../tb/tx_agent.sv", 25: 

*Error* Syntax error at phase
"../tb/tx_agent.sv", 31: 

*Error* Syntax error at super
"../tb/tx_agent.sv", 32: 

*Error* macro `uvm_info not defined
"../tb/tx_agent.sv", 35: 

*Warning* failed to find the class 'uvm_monitor'.
"../tb/rx_monitor.sv", 2: 

*Error* Syntax error at #
"../tb/rx_monitor.sv", 4: 

*Error* macro `uvm_component_utils not defined
"../tb/rx_monitor.sv", 6: 

*Error* Syntax error at parent
"../tb/rx_monitor.sv", 10: 

*Error* Syntax error at phase
"../tb/rx_monitor.sv", 11: 

*Error* Syntax error at phase
"../tb/rx_monitor.sv", 14: 

*Error* Syntax error at parent
"../tb/rx_monitor.sv", 20: 

*Error* Syntax error at phase
"../tb/rx_monitor.sv", 24: 

*Error* Syntax error at super
"../tb/rx_monitor.sv", 25: 

*Error* macro `uvm_fatal not defined
"../tb/rx_monitor.sv", 28: 

*Error* Syntax error at phase
"../tb/rx_monitor.sv", 33: 

*Error* macro `uvm_info not defined
"../tb/rx_monitor.sv", 62: 

*Error* macro `uvm_info not defined
"../tb/rx_monitor.sv", 63: 

*Error* Syntax error at )
"../tb/rx_monitor.sv", 63: 

*Error* macro `uvm_info not defined
"../tb/rx_monitor.sv", 64: 

*Error* Syntax error at )
"../tb/rx_monitor.sv", 64: 

*Error* macro `uvm_info not defined
"../tb/rx_monitor.sv", 65: 

*Error* Syntax error at )
"../tb/rx_monitor.sv", 65: 

*Error* macro `uvm_info not defined
"../tb/rx_monitor.sv", 66: 

*Error* Syntax error at )
"../tb/rx_monitor.sv", 66: 

*Error* macro `uvm_info not defined
"../tb/rx_monitor.sv", 67: 

*Error* Syntax error at )
"../tb/rx_monitor.sv", 67: 

*Error* macro `uvm_info not defined
"../tb/rx_monitor.sv", 68: 

*Error* Syntax error at )
"../tb/rx_monitor.sv", 68: 

*Warning* failed to find the class 'uvm_agent'.
"../tb/rx_agent.sv", 1: 

*Error* Syntax error at parent
"../tb/rx_agent.sv", 5: 

*Error* Syntax error at phase
"../tb/rx_agent.sv", 6: 

*Error* Syntax error at phase
"../tb/rx_agent.sv", 7: 

*Error* Syntax error at #
"../tb/rx_agent.sv", 9: 

*Error* macro `uvm_component_utils_begin not defined
"../tb/rx_agent.sv", 11: 

*Error* macro `uvm_field_object not defined
"../tb/rx_agent.sv", 12: 

*Error* macro `uvm_component_utils_end not defined
"../tb/rx_agent.sv", 13: 

*Error* Syntax error at parent
"../tb/rx_agent.sv", 18: 

*Error* Syntax error at phase
"../tb/rx_agent.sv", 22: 

*Error* Syntax error at super
"../tb/rx_agent.sv", 23: 

*Error* Syntax error at phase
"../tb/rx_agent.sv", 28: 

*Error* Syntax error at super
"../tb/rx_agent.sv", 29: 

*Error* macro `uvm_analysis_imp_decl not defined
"../tb/scoreboard.sv", 1: 

*Error* macro `uvm_analysis_imp_decl not defined
"../tb/scoreboard.sv", 2: 

*Warning* failed to find the class 'uvm_scoreboard'.
"../tb/scoreboard.sv", 4: 

*Error* macro `uvm_component_utils not defined
"../tb/scoreboard.sv", 5: 

*Error* Syntax error at #
"../tb/scoreboard.sv", 7: 

*Error* Syntax error at #
"../tb/scoreboard.sv", 8: 

*Error* Syntax error at #
"../tb/scoreboard.sv", 10: 

*Warning* symbol uvm_tlm_analysis_fifo duplicated
"../tb/scoreboard.sv", 11: 

*Error* Syntax error at #
"../tb/scoreboard.sv", 11: 

*Error* Syntax error at parent
"../tb/scoreboard.sv", 14: 

*Error* Syntax error at phase
"../tb/scoreboard.sv", 18: 

*Error* Syntax error at parent
"../tb/scoreboard.sv", 23: 

*Error* macro `uvm_info not defined
"../tb/scoreboard.sv", 35: 

*Error* Syntax error at "wirte tr to exp fifo."
"../tb/scoreboard.sv", 35: 

*Error* Syntax error at endfunction
"../tb/scoreboard.sv", 37: 

*Error* macro `uvm_info not defined
"../tb/scoreboard.sv", 41: 

*Error* Syntax error at "wirte tr to act fifo."
"../tb/scoreboard.sv", 41: 

*Error* Syntax error at endfunction
"../tb/scoreboard.sv", 43: 

*Error* Syntax error at phase
"../tb/scoreboard.sv", 45: 

*Error* macro `uvm_info not defined
"../tb/scoreboard.sv", 67: 

*Error* Syntax error at "compare SUCCESSFULLY."
"../tb/scoreboard.sv", 67: 

*Error* Syntax error at else
"../tb/scoreboard.sv", 73: 

*Error* macro `uvm_error not defined
"../tb/scoreboard.sv", 74: 

*Error* Syntax error at "compare FAILED."
"../tb/scoreboard.sv", 74: 

*Error* Syntax error at $display
"../tb/scoreboard.sv", 75: 

*Error* Syntax error at exp_tx_tr
"../tb/scoreboard.sv", 76: 

*Error* Syntax error at $display
"../tb/scoreboard.sv", 77: 

*Error* Syntax error at act_rx_tr
"../tb/scoreboard.sv", 78: 

*Error* Syntax error at end
"../tb/scoreboard.sv", 79: 

*Error* Syntax error at end
"../tb/scoreboard.sv", 80: 

*Error* Syntax error at endtask
"../tb/scoreboard.sv", 81: 

*Warning* failed to find the class 'uvm_sequence'.
"../tb/tx_sequence.sv", 1: 

*Warning* 'uvm_sequence' is not a parameter type.
"../tb/tx_sequence.sv", 1: 

*Error* macro `uvm_object_utils not defined
"../tb/tx_sequence.sv", 2: 

*Error* macro `uvm_info not defined
"../tb/tx_sequence.sv", 17: 

*Error* macro `uvm_info not defined
"../tb/tx_sequence.sv", 22: 

*Error* macro `uvm_info not defined
"../tb/tx_sequence.sv", 26: 

*Error* macro `uvm_info not defined
"../tb/tx_sequence.sv", 30: 

*Warning* failed to find the class 'uvm_env'.
"../tb/env.sv", 2: 

*Error* macro `uvm_component_utils not defined
"../tb/env.sv", 4: 

*Error* Syntax error at parent
"../tb/env.sv", 11: 

*Error* Syntax error at phase
"../tb/env.sv", 12: 

*Error* Syntax error at phase
"../tb/env.sv", 13: 

*Error* Syntax error at parent
"../tb/env.sv", 17: 

*Error* Syntax error at phase
"../tb/env.sv", 21: 

*Error* Syntax error at super
"../tb/env.sv", 22: 

*Error* Syntax error at phase
"../tb/env.sv", 29: 

*Error* Syntax error at super
"../tb/env.sv", 30: 

*Error* macro `uvm_info not defined
"../tb/env.sv", 33: 

*Error* `include file "uvm_pkg.sv" cannot be read
"../tb/simtop.sv", 1: 

*Error* `include file "uvm_macros.svh" cannot be read
"../tb/simtop.sv", 5: 

*Error* failed to find the package 'uvm_pkg'.
"../tb/simtop.sv", 4: 

*Error* macro `uvm_info not defined
"../tb/simtop.sv", 17: 

*Warning* failed to find the class 'uvm_test'.
"./my_test.sv", 1: 

*Error* macro `uvm_component_utils not defined
"./my_test.sv", 3: 

*Error* Syntax error at parent
"./my_test.sv", 8: 

*Error* Syntax error at phase
"./my_test.sv", 9: 

*Error* Syntax error at parent
"./my_test.sv", 13: 

*Error* macro `uvm_info not defined
"./my_test.sv", 15: 

*Error* Syntax error at phase
"./my_test.sv", 20: 

*Error* Syntax error at super
"./my_test.sv", 21: 

*Warning* too many digits in hexadecimal
"./my_test.sv", 53: 

*Warning* too many digits in hexadecimal
"./my_test.sv", 60: 
Highest level modules:
simtop


*Warning* 'uvm_driver' is not a parameter type.
"../tb/tx_driver.sv", 2: 

*Warning* 'uvm_sequencer' is not a parameter type.
"../tb/tx_sequencer.sv", 2: 

*Warning* 'uvm_sequence' is not a parameter type.
"../tb/tx_sequence.sv", 1: 

*Error* failed to find identifier uvm_config_db(tx_if)::set
"../tb/simtop.sv", 13: 

*Error* failed to find identifier uvm_config_db(rx_if)::set
"../tb/simtop.sv", 14: 

*Error* failed to find identifier run_test
"../tb/simtop.sv", 18: 
Total	150 error(s),   19 warning(s)
