Command: vcs -sverilog -fsdb -full64 -timescale=1ns/1ns +acc +vpi +error+1000 +vcs+lic+wait \
-lca +define+UVM_OBJECT_MUST_HAVE_CONSTRUCTOR +define+UVM_OBJECTION_TRACE +incdir+/home/synopsys/vcs-mx/O-2018.09-1/etc/uvm-1.1/src \
/home/synopsys/vcs-mx/O-2018.09-1/etc/uvm-1.1/src/uvm.sv +define+SYNOPSYS_SV +define+NTB \
-ntb_define NTB -ntb_opts rvm -ntb_opts use_sigprop -ntb_opts dw_vip /home/synopsys/vcs-mx/O-2018.09-1/etc/uvm-1.1/src/dpi/uvm_dpi.cc \
-CFLAGS -DVCS -debug_pp -f rtl_list.f -f sim_list.f -l comp.log +incdir+../rtl/ -cm \
line+cond+fsm+branch+tgl -cm_name simv -cm_dir ./cov/test_single_transfer.vdb +define+SVA+ASSERT_ON \


Warning-[DEBUG_DEP] Option will be deprecated
  The option '-fsdb' will be deprecated in a future release.  Please use 
  '-debug_acc+dmptf -debug_region+cell+encrypt' instead.

                         Chronologic VCS (TM)
        Version O-2018.09-1_Full64 -- Tue Nov  5 14:38:02 2024
               Copyright (c) 1991-2018 by Synopsys Inc.
                         ALL RIGHTS RESERVED

This program is proprietary and confidential information of Synopsys Inc.
and may be used and disclosed only as authorized in a license agreement
controlling such use and disclosure.


Warning-[DEPRECATED_OPTION] Deprecated option used
  The specified option '+acc' is deprecated.
  Please use '-debug_access+r+w+nomemcbk -debug_region+cell' instead.


Warning-[LCA_FEATURES_ENABLED] Usage warning
  LCA features enabled by '-lca' argument on the command line.  For more 
  information regarding list of LCA features please refer to Chapter "LCA 
  features" in the VCS/VCS-MX Release Notes

Parsing design file '/home/synopsys/vcs-mx/O-2018.09-1/etc/rvm/vmm.sv'
Parsing design file '/home/synopsys/vcs-mx/O-2018.09-1/etc/rvm/vmm.sv'
Parsing design file '/home/synopsys/vcs-mx/O-2018.09-1/etc/uvm-1.1/src/uvm.sv'
Parsing included file '/home/synopsys/vcs-mx/O-2018.09-1/etc/uvm-1.1/src/uvm_pkg.sv'.
Parsing included file '/home/synopsys/vcs-mx/O-2018.09-1/etc/uvm-1.1/src/uvm_macros.svh'.
Parsing included file '/home/synopsys/vcs-mx/O-2018.09-1/etc/uvm-1.1/src/macros/uvm_version_defines.svh'.
Back to file '/home/synopsys/vcs-mx/O-2018.09-1/etc/uvm-1.1/src/uvm_macros.svh'.
Parsing included file '/home/synopsys/vcs-mx/O-2018.09-1/etc/uvm-1.1/src/macros/uvm_message_defines.svh'.
Back to file '/home/synopsys/vcs-mx/O-2018.09-1/etc/uvm-1.1/src/uvm_macros.svh'.
Parsing included file '/home/synopsys/vcs-mx/O-2018.09-1/etc/uvm-1.1/src/macros/uvm_phase_defines.svh'.
Back to file '/home/synopsys/vcs-mx/O-2018.09-1/etc/uvm-1.1/src/uvm_macros.svh'.
Parsing included file '/home/synopsys/vcs-mx/O-2018.09-1/etc/uvm-1.1/src/macros/uvm_object_defines.svh'.
Back to file '/home/synopsys/vcs-mx/O-2018.09-1/etc/uvm-1.1/src/uvm_macros.svh'.
Parsing included file '/home/synopsys/vcs-mx/O-2018.09-1/etc/uvm-1.1/src/macros/uvm_printer_defines.svh'.
Back to file '/home/synopsys/vcs-mx/O-2018.09-1/etc/uvm-1.1/src/uvm_macros.svh'.
Parsing included file '/home/synopsys/vcs-mx/O-2018.09-1/etc/uvm-1.1/src/macros/uvm_tlm_defines.svh'.
Parsing included file '/home/synopsys/vcs-mx/O-2018.09-1/etc/uvm-1.1/src/tlm1/uvm_tlm_imps.svh'.
Back to file '/home/synopsys/vcs-mx/O-2018.09-1/etc/uvm-1.1/src/macros/uvm_tlm_defines.svh'.
Back to file '/home/synopsys/vcs-mx/O-2018.09-1/etc/uvm-1.1/src/uvm_macros.svh'.
Parsing included file '/home/synopsys/vcs-mx/O-2018.09-1/etc/uvm-1.1/src/macros/uvm_sequence_defines.svh'.
Back to file '/home/synopsys/vcs-mx/O-2018.09-1/etc/uvm-1.1/src/uvm_macros.svh'.
Parsing included file '/home/synopsys/vcs-mx/O-2018.09-1/etc/uvm-1.1/src/macros/uvm_callback_defines.svh'.
Back to file '/home/synopsys/vcs-mx/O-2018.09-1/etc/uvm-1.1/src/uvm_macros.svh'.
Parsing included file '/home/synopsys/vcs-mx/O-2018.09-1/etc/uvm-1.1/src/macros/uvm_reg_defines.svh'.
Back to file '/home/synopsys/vcs-mx/O-2018.09-1/etc/uvm-1.1/src/uvm_macros.svh'.
Parsing included file '/home/synopsys/vcs-mx/O-2018.09-1/etc/uvm-1.1/src/macros/uvm_deprecated_defines.svh'.
Back to file '/home/synopsys/vcs-mx/O-2018.09-1/etc/uvm-1.1/src/uvm_macros.svh'.
Back to file '/home/synopsys/vcs-mx/O-2018.09-1/etc/uvm-1.1/src/uvm_pkg.sv'.
Parsing included file '/home/synopsys/vcs-mx/O-2018.09-1/etc/uvm-1.1/src/dpi/uvm_dpi.svh'.
Parsing included file '/home/synopsys/vcs-mx/O-2018.09-1/etc/uvm-1.1/src/dpi/uvm_hdl.svh'.
Back to file '/home/synopsys/vcs-mx/O-2018.09-1/etc/uvm-1.1/src/dpi/uvm_dpi.svh'.
Parsing included file '/home/synopsys/vcs-mx/O-2018.09-1/etc/uvm-1.1/src/dpi/uvm_svcmd_dpi.svh'.
Back to file '/home/synopsys/vcs-mx/O-2018.09-1/etc/uvm-1.1/src/dpi/uvm_dpi.svh'.
Parsing included file '/home/synopsys/vcs-mx/O-2018.09-1/etc/uvm-1.1/src/dpi/uvm_regex.svh'.
Back to file '/home/synopsys/vcs-mx/O-2018.09-1/etc/uvm-1.1/src/dpi/uvm_dpi.svh'.
Back to file '/home/synopsys/vcs-mx/O-2018.09-1/etc/uvm-1.1/src/uvm_pkg.sv'.
Parsing included file '/home/synopsys/vcs-mx/O-2018.09-1/etc/uvm-1.1/src/base/uvm_base.svh'.
Parsing included file '/home/synopsys/vcs-mx/O-2018.09-1/etc/uvm-1.1/src/base/uvm_version.svh'.
Back to file '/home/synopsys/vcs-mx/O-2018.09-1/etc/uvm-1.1/src/base/uvm_base.svh'.
Parsing included file '/home/synopsys/vcs-mx/O-2018.09-1/etc/uvm-1.1/src/base/uvm_object_globals.svh'.
Back to file '/home/synopsys/vcs-mx/O-2018.09-1/etc/uvm-1.1/src/base/uvm_base.svh'.
Parsing included file '/home/synopsys/vcs-mx/O-2018.09-1/etc/uvm-1.1/src/base/uvm_misc.svh'.
Back to file '/home/synopsys/vcs-mx/O-2018.09-1/etc/uvm-1.1/src/base/uvm_base.svh'.
Parsing included file '/home/synopsys/vcs-mx/O-2018.09-1/etc/uvm-1.1/src/base/uvm_object.svh'.
Back to file '/home/synopsys/vcs-mx/O-2018.09-1/etc/uvm-1.1/src/base/uvm_base.svh'.
Parsing included file '/home/synopsys/vcs-mx/O-2018.09-1/etc/uvm-1.1/src/base/uvm_pool.svh'.
Back to file '/home/synopsys/vcs-mx/O-2018.09-1/etc/uvm-1.1/src/base/uvm_base.svh'.
Parsing included file '/home/synopsys/vcs-mx/O-2018.09-1/etc/uvm-1.1/src/base/uvm_queue.svh'.
Back to file '/home/synopsys/vcs-mx/O-2018.09-1/etc/uvm-1.1/src/base/uvm_base.svh'.
Parsing included file '/home/synopsys/vcs-mx/O-2018.09-1/etc/uvm-1.1/src/base/uvm_factory.svh'.
Back to file '/home/synopsys/vcs-mx/O-2018.09-1/etc/uvm-1.1/src/base/uvm_base.svh'.
Parsing included file '/home/synopsys/vcs-mx/O-2018.09-1/etc/uvm-1.1/src/base/uvm_registry.svh'.
Back to file '/home/synopsys/vcs-mx/O-2018.09-1/etc/uvm-1.1/src/base/uvm_base.svh'.
Parsing included file '/home/synopsys/vcs-mx/O-2018.09-1/etc/uvm-1.1/src/base/uvm_spell_chkr.svh'.
Back to file '/home/synopsys/vcs-mx/O-2018.09-1/etc/uvm-1.1/src/base/uvm_base.svh'.
Parsing included file '/home/synopsys/vcs-mx/O-2018.09-1/etc/uvm-1.1/src/base/uvm_resource.svh'.
Back to file '/home/synopsys/vcs-mx/O-2018.09-1/etc/uvm-1.1/src/base/uvm_base.svh'.
Parsing included file '/home/synopsys/vcs-mx/O-2018.09-1/etc/uvm-1.1/src/deprecated/uvm_resource_converter.svh'.
Back to file '/home/synopsys/vcs-mx/O-2018.09-1/etc/uvm-1.1/src/base/uvm_base.svh'.
Parsing included file '/home/synopsys/vcs-mx/O-2018.09-1/etc/uvm-1.1/src/base/uvm_resource_specializations.svh'.
Back to file '/home/synopsys/vcs-mx/O-2018.09-1/etc/uvm-1.1/src/base/uvm_base.svh'.
Parsing included file '/home/synopsys/vcs-mx/O-2018.09-1/etc/uvm-1.1/src/base/uvm_resource_db.svh'.
Back to file '/home/synopsys/vcs-mx/O-2018.09-1/etc/uvm-1.1/src/base/uvm_base.svh'.
Parsing included file '/home/synopsys/vcs-mx/O-2018.09-1/etc/uvm-1.1/src/base/uvm_config_db.svh'.
Back to file '/home/synopsys/vcs-mx/O-2018.09-1/etc/uvm-1.1/src/base/uvm_base.svh'.
Parsing included file '/home/synopsys/vcs-mx/O-2018.09-1/etc/uvm-1.1/src/base/uvm_printer.svh'.
Back to file '/home/synopsys/vcs-mx/O-2018.09-1/etc/uvm-1.1/src/base/uvm_base.svh'.
Parsing included file '/home/synopsys/vcs-mx/O-2018.09-1/etc/uvm-1.1/src/base/uvm_comparer.svh'.
Back to file '/home/synopsys/vcs-mx/O-2018.09-1/etc/uvm-1.1/src/base/uvm_base.svh'.
Parsing included file '/home/synopsys/vcs-mx/O-2018.09-1/etc/uvm-1.1/src/base/uvm_packer.svh'.
Back to file '/home/synopsys/vcs-mx/O-2018.09-1/etc/uvm-1.1/src/base/uvm_base.svh'.
Parsing included file '/home/synopsys/vcs-mx/O-2018.09-1/etc/uvm-1.1/src/base/uvm_recorder.svh'.
Back to file '/home/synopsys/vcs-mx/O-2018.09-1/etc/uvm-1.1/src/base/uvm_base.svh'.
Parsing included file '/home/synopsys/vcs-mx/O-2018.09-1/etc/uvm-1.1/src/base/uvm_event_callback.svh'.
Back to file '/home/synopsys/vcs-mx/O-2018.09-1/etc/uvm-1.1/src/base/uvm_base.svh'.
Parsing included file '/home/synopsys/vcs-mx/O-2018.09-1/etc/uvm-1.1/src/base/uvm_event.svh'.
Back to file '/home/synopsys/vcs-mx/O-2018.09-1/etc/uvm-1.1/src/base/uvm_base.svh'.
Parsing included file '/home/synopsys/vcs-mx/O-2018.09-1/etc/uvm-1.1/src/base/uvm_barrier.svh'.
Back to file '/home/synopsys/vcs-mx/O-2018.09-1/etc/uvm-1.1/src/base/uvm_base.svh'.
Parsing included file '/home/synopsys/vcs-mx/O-2018.09-1/etc/uvm-1.1/src/base/uvm_callback.svh'.
Parsing included file '/home/synopsys/vcs-mx/O-2018.09-1/etc/uvm-1.1/src/uvm_macros.svh'.
Back to file '/home/synopsys/vcs-mx/O-2018.09-1/etc/uvm-1.1/src/base/uvm_callback.svh'.
Back to file '/home/synopsys/vcs-mx/O-2018.09-1/etc/uvm-1.1/src/base/uvm_base.svh'.
Parsing included file '/home/synopsys/vcs-mx/O-2018.09-1/etc/uvm-1.1/src/base/uvm_report_catcher.svh'.
Back to file '/home/synopsys/vcs-mx/O-2018.09-1/etc/uvm-1.1/src/base/uvm_base.svh'.
Parsing included file '/home/synopsys/vcs-mx/O-2018.09-1/etc/uvm-1.1/src/base/uvm_report_server.svh'.
Back to file '/home/synopsys/vcs-mx/O-2018.09-1/etc/uvm-1.1/src/base/uvm_base.svh'.
Parsing included file '/home/synopsys/vcs-mx/O-2018.09-1/etc/uvm-1.1/src/base/uvm_report_handler.svh'.
Back to file '/home/synopsys/vcs-mx/O-2018.09-1/etc/uvm-1.1/src/base/uvm_base.svh'.
Parsing included file '/home/synopsys/vcs-mx/O-2018.09-1/etc/uvm-1.1/src/base/uvm_report_object.svh'.
Back to file '/home/synopsys/vcs-mx/O-2018.09-1/etc/uvm-1.1/src/base/uvm_base.svh'.
Parsing included file '/home/synopsys/vcs-mx/O-2018.09-1/etc/uvm-1.1/src/base/uvm_transaction.svh'.
Back to file '/home/synopsys/vcs-mx/O-2018.09-1/etc/uvm-1.1/src/base/uvm_base.svh'.
Parsing included file '/home/synopsys/vcs-mx/O-2018.09-1/etc/uvm-1.1/src/base/uvm_phase.svh'.
Back to file '/home/synopsys/vcs-mx/O-2018.09-1/etc/uvm-1.1/src/base/uvm_base.svh'.
Parsing included file '/home/synopsys/vcs-mx/O-2018.09-1/etc/uvm-1.1/src/base/uvm_domain.svh'.
Back to file '/home/synopsys/vcs-mx/O-2018.09-1/etc/uvm-1.1/src/base/uvm_base.svh'.
Parsing included file '/home/synopsys/vcs-mx/O-2018.09-1/etc/uvm-1.1/src/base/uvm_bottomup_phase.svh'.
Back to file '/home/synopsys/vcs-mx/O-2018.09-1/etc/uvm-1.1/src/base/uvm_base.svh'.
Parsing included file '/home/synopsys/vcs-mx/O-2018.09-1/etc/uvm-1.1/src/base/uvm_topdown_phase.svh'.
Back to file '/home/synopsys/vcs-mx/O-2018.09-1/etc/uvm-1.1/src/base/uvm_base.svh'.
Parsing included file '/home/synopsys/vcs-mx/O-2018.09-1/etc/uvm-1.1/src/base/uvm_task_phase.svh'.
Back to file '/home/synopsys/vcs-mx/O-2018.09-1/etc/uvm-1.1/src/base/uvm_base.svh'.
Parsing included file '/home/synopsys/vcs-mx/O-2018.09-1/etc/uvm-1.1/src/base/uvm_common_phases.svh'.
Back to file '/home/synopsys/vcs-mx/O-2018.09-1/etc/uvm-1.1/src/base/uvm_base.svh'.
Parsing included file '/home/synopsys/vcs-mx/O-2018.09-1/etc/uvm-1.1/src/base/uvm_runtime_phases.svh'.
Back to file '/home/synopsys/vcs-mx/O-2018.09-1/etc/uvm-1.1/src/base/uvm_base.svh'.
Parsing included file '/home/synopsys/vcs-mx/O-2018.09-1/etc/uvm-1.1/src/base/uvm_component.svh'.
Parsing included file '/home/synopsys/vcs-mx/O-2018.09-1/etc/uvm-1.1/src/base/uvm_root.svh'.
Back to file '/home/synopsys/vcs-mx/O-2018.09-1/etc/uvm-1.1/src/base/uvm_component.svh'.
Back to file '/home/synopsys/vcs-mx/O-2018.09-1/etc/uvm-1.1/src/base/uvm_base.svh'.
Parsing included file '/home/synopsys/vcs-mx/O-2018.09-1/etc/uvm-1.1/src/base/uvm_objection.svh'.
Back to file '/home/synopsys/vcs-mx/O-2018.09-1/etc/uvm-1.1/src/base/uvm_base.svh'.
Parsing included file '/home/synopsys/vcs-mx/O-2018.09-1/etc/uvm-1.1/src/base/uvm_heartbeat.svh'.
Back to file '/home/synopsys/vcs-mx/O-2018.09-1/etc/uvm-1.1/src/base/uvm_base.svh'.
Parsing included file '/home/synopsys/vcs-mx/O-2018.09-1/etc/uvm-1.1/src/base/uvm_globals.svh'.
Back to file '/home/synopsys/vcs-mx/O-2018.09-1/etc/uvm-1.1/src/base/uvm_base.svh'.
Parsing included file '/home/synopsys/vcs-mx/O-2018.09-1/etc/uvm-1.1/src/base/uvm_cmdline_processor.svh'.
Back to file '/home/synopsys/vcs-mx/O-2018.09-1/etc/uvm-1.1/src/base/uvm_base.svh'.
Back to file '/home/synopsys/vcs-mx/O-2018.09-1/etc/uvm-1.1/src/uvm_pkg.sv'.
Parsing included file '/home/synopsys/vcs-mx/O-2018.09-1/etc/uvm-1.1/src/tlm1/uvm_tlm.svh'.
Parsing included file '/home/synopsys/vcs-mx/O-2018.09-1/etc/uvm-1.1/src/tlm1/uvm_tlm_ifs.svh'.
Back to file '/home/synopsys/vcs-mx/O-2018.09-1/etc/uvm-1.1/src/tlm1/uvm_tlm.svh'.
Parsing included file '/home/synopsys/vcs-mx/O-2018.09-1/etc/uvm-1.1/src/tlm1/uvm_sqr_ifs.svh'.
Back to file '/home/synopsys/vcs-mx/O-2018.09-1/etc/uvm-1.1/src/tlm1/uvm_tlm.svh'.
Parsing included file '/home/synopsys/vcs-mx/O-2018.09-1/etc/uvm-1.1/src/base/uvm_port_base.svh'.
Back to file '/home/synopsys/vcs-mx/O-2018.09-1/etc/uvm-1.1/src/tlm1/uvm_tlm.svh'.
Parsing included file '/home/synopsys/vcs-mx/O-2018.09-1/etc/uvm-1.1/src/tlm1/uvm_tlm_imps.svh'.
Back to file '/home/synopsys/vcs-mx/O-2018.09-1/etc/uvm-1.1/src/tlm1/uvm_tlm.svh'.
Parsing included file '/home/synopsys/vcs-mx/O-2018.09-1/etc/uvm-1.1/src/tlm1/uvm_imps.svh'.
Back to file '/home/synopsys/vcs-mx/O-2018.09-1/etc/uvm-1.1/src/tlm1/uvm_tlm.svh'.
Parsing included file '/home/synopsys/vcs-mx/O-2018.09-1/etc/uvm-1.1/src/tlm1/uvm_ports.svh'.
Back to file '/home/synopsys/vcs-mx/O-2018.09-1/etc/uvm-1.1/src/tlm1/uvm_tlm.svh'.
Parsing included file '/home/synopsys/vcs-mx/O-2018.09-1/etc/uvm-1.1/src/tlm1/uvm_exports.svh'.
Back to file '/home/synopsys/vcs-mx/O-2018.09-1/etc/uvm-1.1/src/tlm1/uvm_tlm.svh'.
Parsing included file '/home/synopsys/vcs-mx/O-2018.09-1/etc/uvm-1.1/src/tlm1/uvm_analysis_port.svh'.
Back to file '/home/synopsys/vcs-mx/O-2018.09-1/etc/uvm-1.1/src/tlm1/uvm_tlm.svh'.
Parsing included file '/home/synopsys/vcs-mx/O-2018.09-1/etc/uvm-1.1/src/tlm1/uvm_tlm_fifo_base.svh'.
Back to file '/home/synopsys/vcs-mx/O-2018.09-1/etc/uvm-1.1/src/tlm1/uvm_tlm.svh'.
Parsing included file '/home/synopsys/vcs-mx/O-2018.09-1/etc/uvm-1.1/src/tlm1/uvm_tlm_fifos.svh'.
Back to file '/home/synopsys/vcs-mx/O-2018.09-1/etc/uvm-1.1/src/tlm1/uvm_tlm.svh'.
Parsing included file '/home/synopsys/vcs-mx/O-2018.09-1/etc/uvm-1.1/src/tlm1/uvm_tlm_req_rsp.svh'.
Back to file '/home/synopsys/vcs-mx/O-2018.09-1/etc/uvm-1.1/src/tlm1/uvm_tlm.svh'.
Parsing included file '/home/synopsys/vcs-mx/O-2018.09-1/etc/uvm-1.1/src/tlm1/uvm_sqr_connections.svh'.
Back to file '/home/synopsys/vcs-mx/O-2018.09-1/etc/uvm-1.1/src/tlm1/uvm_tlm.svh'.
Back to file '/home/synopsys/vcs-mx/O-2018.09-1/etc/uvm-1.1/src/uvm_pkg.sv'.
Parsing included file '/home/synopsys/vcs-mx/O-2018.09-1/etc/uvm-1.1/src/comps/uvm_comps.svh'.
Parsing included file '/home/synopsys/vcs-mx/O-2018.09-1/etc/uvm-1.1/src/comps/uvm_pair.svh'.
Back to file '/home/synopsys/vcs-mx/O-2018.09-1/etc/uvm-1.1/src/comps/uvm_comps.svh'.
Parsing included file '/home/synopsys/vcs-mx/O-2018.09-1/etc/uvm-1.1/src/comps/uvm_policies.svh'.
Back to file '/home/synopsys/vcs-mx/O-2018.09-1/etc/uvm-1.1/src/comps/uvm_comps.svh'.
Parsing included file '/home/synopsys/vcs-mx/O-2018.09-1/etc/uvm-1.1/src/comps/uvm_in_order_comparator.svh'.
Back to file '/home/synopsys/vcs-mx/O-2018.09-1/etc/uvm-1.1/src/comps/uvm_comps.svh'.
Parsing included file '/home/synopsys/vcs-mx/O-2018.09-1/etc/uvm-1.1/src/comps/uvm_algorithmic_comparator.svh'.
Back to file '/home/synopsys/vcs-mx/O-2018.09-1/etc/uvm-1.1/src/comps/uvm_comps.svh'.
Parsing included file '/home/synopsys/vcs-mx/O-2018.09-1/etc/uvm-1.1/src/comps/uvm_random_stimulus.svh'.
Back to file '/home/synopsys/vcs-mx/O-2018.09-1/etc/uvm-1.1/src/comps/uvm_comps.svh'.
Parsing included file '/home/synopsys/vcs-mx/O-2018.09-1/etc/uvm-1.1/src/comps/uvm_subscriber.svh'.
Back to file '/home/synopsys/vcs-mx/O-2018.09-1/etc/uvm-1.1/src/comps/uvm_comps.svh'.
Parsing included file '/home/synopsys/vcs-mx/O-2018.09-1/etc/uvm-1.1/src/comps/uvm_monitor.svh'.
Back to file '/home/synopsys/vcs-mx/O-2018.09-1/etc/uvm-1.1/src/comps/uvm_comps.svh'.
Parsing included file '/home/synopsys/vcs-mx/O-2018.09-1/etc/uvm-1.1/src/comps/uvm_driver.svh'.
Back to file '/home/synopsys/vcs-mx/O-2018.09-1/etc/uvm-1.1/src/comps/uvm_comps.svh'.
Parsing included file '/home/synopsys/vcs-mx/O-2018.09-1/etc/uvm-1.1/src/comps/uvm_push_driver.svh'.
Back to file '/home/synopsys/vcs-mx/O-2018.09-1/etc/uvm-1.1/src/comps/uvm_comps.svh'.
Parsing included file '/home/synopsys/vcs-mx/O-2018.09-1/etc/uvm-1.1/src/comps/uvm_scoreboard.svh'.
Back to file '/home/synopsys/vcs-mx/O-2018.09-1/etc/uvm-1.1/src/comps/uvm_comps.svh'.
Parsing included file '/home/synopsys/vcs-mx/O-2018.09-1/etc/uvm-1.1/src/comps/uvm_agent.svh'.
Back to file '/home/synopsys/vcs-mx/O-2018.09-1/etc/uvm-1.1/src/comps/uvm_comps.svh'.
Parsing included file '/home/synopsys/vcs-mx/O-2018.09-1/etc/uvm-1.1/src/comps/uvm_env.svh'.
Back to file '/home/synopsys/vcs-mx/O-2018.09-1/etc/uvm-1.1/src/comps/uvm_comps.svh'.
Parsing included file '/home/synopsys/vcs-mx/O-2018.09-1/etc/uvm-1.1/src/comps/uvm_test.svh'.
Back to file '/home/synopsys/vcs-mx/O-2018.09-1/etc/uvm-1.1/src/comps/uvm_comps.svh'.
Back to file '/home/synopsys/vcs-mx/O-2018.09-1/etc/uvm-1.1/src/uvm_pkg.sv'.
Parsing included file '/home/synopsys/vcs-mx/O-2018.09-1/etc/uvm-1.1/src/seq/uvm_seq.svh'.
Parsing included file '/home/synopsys/vcs-mx/O-2018.09-1/etc/uvm-1.1/src/seq/uvm_sequence_item.svh'.
Back to file '/home/synopsys/vcs-mx/O-2018.09-1/etc/uvm-1.1/src/seq/uvm_seq.svh'.
Parsing included file '/home/synopsys/vcs-mx/O-2018.09-1/etc/uvm-1.1/src/seq/uvm_sequencer_base.svh'.
Back to file '/home/synopsys/vcs-mx/O-2018.09-1/etc/uvm-1.1/src/seq/uvm_seq.svh'.
Parsing included file '/home/synopsys/vcs-mx/O-2018.09-1/etc/uvm-1.1/src/seq/uvm_sequencer_analysis_fifo.svh'.
Back to file '/home/synopsys/vcs-mx/O-2018.09-1/etc/uvm-1.1/src/seq/uvm_seq.svh'.
Parsing included file '/home/synopsys/vcs-mx/O-2018.09-1/etc/uvm-1.1/src/seq/uvm_sequencer_param_base.svh'.
Back to file '/home/synopsys/vcs-mx/O-2018.09-1/etc/uvm-1.1/src/seq/uvm_seq.svh'.
Parsing included file '/home/synopsys/vcs-mx/O-2018.09-1/etc/uvm-1.1/src/seq/uvm_sequencer.svh'.
Back to file '/home/synopsys/vcs-mx/O-2018.09-1/etc/uvm-1.1/src/seq/uvm_seq.svh'.
Parsing included file '/home/synopsys/vcs-mx/O-2018.09-1/etc/uvm-1.1/src/seq/uvm_push_sequencer.svh'.
Back to file '/home/synopsys/vcs-mx/O-2018.09-1/etc/uvm-1.1/src/seq/uvm_seq.svh'.
Parsing included file '/home/synopsys/vcs-mx/O-2018.09-1/etc/uvm-1.1/src/seq/uvm_sequence_base.svh'.
Back to file '/home/synopsys/vcs-mx/O-2018.09-1/etc/uvm-1.1/src/seq/uvm_seq.svh'.
Parsing included file '/home/synopsys/vcs-mx/O-2018.09-1/etc/uvm-1.1/src/seq/uvm_sequence.svh'.
Back to file '/home/synopsys/vcs-mx/O-2018.09-1/etc/uvm-1.1/src/seq/uvm_seq.svh'.
Parsing included file '/home/synopsys/vcs-mx/O-2018.09-1/etc/uvm-1.1/src/seq/uvm_sequence_library.svh'.
Back to file '/home/synopsys/vcs-mx/O-2018.09-1/etc/uvm-1.1/src/seq/uvm_seq.svh'.
Parsing included file '/home/synopsys/vcs-mx/O-2018.09-1/etc/uvm-1.1/src/seq/uvm_sequence_builtin.svh'.
Back to file '/home/synopsys/vcs-mx/O-2018.09-1/etc/uvm-1.1/src/seq/uvm_seq.svh'.
Back to file '/home/synopsys/vcs-mx/O-2018.09-1/etc/uvm-1.1/src/uvm_pkg.sv'.
Parsing included file '/home/synopsys/vcs-mx/O-2018.09-1/etc/uvm-1.1/src/tlm2/uvm_tlm2.svh'.
Parsing included file '/home/synopsys/vcs-mx/O-2018.09-1/etc/uvm-1.1/src/tlm2/uvm_tlm2_defines.svh'.
Back to file '/home/synopsys/vcs-mx/O-2018.09-1/etc/uvm-1.1/src/tlm2/uvm_tlm2.svh'.
Parsing included file '/home/synopsys/vcs-mx/O-2018.09-1/etc/uvm-1.1/src/tlm2/uvm_tlm2_time.svh'.
Back to file '/home/synopsys/vcs-mx/O-2018.09-1/etc/uvm-1.1/src/tlm2/uvm_tlm2.svh'.
Parsing included file '/home/synopsys/vcs-mx/O-2018.09-1/etc/uvm-1.1/src/tlm2/uvm_tlm2_generic_payload.svh'.
Back to file '/home/synopsys/vcs-mx/O-2018.09-1/etc/uvm-1.1/src/tlm2/uvm_tlm2.svh'.
Parsing included file '/home/synopsys/vcs-mx/O-2018.09-1/etc/uvm-1.1/src/tlm2/uvm_tlm2_ifs.svh'.
Back to file '/home/synopsys/vcs-mx/O-2018.09-1/etc/uvm-1.1/src/tlm2/uvm_tlm2.svh'.
Parsing included file '/home/synopsys/vcs-mx/O-2018.09-1/etc/uvm-1.1/src/tlm2/uvm_tlm2_imps.svh'.
Back to file '/home/synopsys/vcs-mx/O-2018.09-1/etc/uvm-1.1/src/tlm2/uvm_tlm2.svh'.
Parsing included file '/home/synopsys/vcs-mx/O-2018.09-1/etc/uvm-1.1/src/tlm2/uvm_tlm2_ports.svh'.
Back to file '/home/synopsys/vcs-mx/O-2018.09-1/etc/uvm-1.1/src/tlm2/uvm_tlm2.svh'.
Parsing included file '/home/synopsys/vcs-mx/O-2018.09-1/etc/uvm-1.1/src/tlm2/uvm_tlm2_exports.svh'.
Back to file '/home/synopsys/vcs-mx/O-2018.09-1/etc/uvm-1.1/src/tlm2/uvm_tlm2.svh'.
Parsing included file '/home/synopsys/vcs-mx/O-2018.09-1/etc/uvm-1.1/src/tlm2/uvm_tlm2_sockets_base.svh'.
Back to file '/home/synopsys/vcs-mx/O-2018.09-1/etc/uvm-1.1/src/tlm2/uvm_tlm2.svh'.
Parsing included file '/home/synopsys/vcs-mx/O-2018.09-1/etc/uvm-1.1/src/tlm2/uvm_tlm2_sockets.svh'.
Back to file '/home/synopsys/vcs-mx/O-2018.09-1/etc/uvm-1.1/src/tlm2/uvm_tlm2.svh'.
Back to file '/home/synopsys/vcs-mx/O-2018.09-1/etc/uvm-1.1/src/uvm_pkg.sv'.
Parsing included file '/home/synopsys/vcs-mx/O-2018.09-1/etc/uvm-1.1/src/reg/uvm_reg_model.svh'.
Parsing included file '/home/synopsys/vcs-mx/O-2018.09-1/etc/uvm-1.1/src/reg/uvm_reg_item.svh'.
Back to file '/home/synopsys/vcs-mx/O-2018.09-1/etc/uvm-1.1/src/reg/uvm_reg_model.svh'.
Parsing included file '/home/synopsys/vcs-mx/O-2018.09-1/etc/uvm-1.1/src/reg/uvm_reg_adapter.svh'.
Back to file '/home/synopsys/vcs-mx/O-2018.09-1/etc/uvm-1.1/src/reg/uvm_reg_model.svh'.
Parsing included file '/home/synopsys/vcs-mx/O-2018.09-1/etc/uvm-1.1/src/reg/uvm_reg_predictor.svh'.
Back to file '/home/synopsys/vcs-mx/O-2018.09-1/etc/uvm-1.1/src/reg/uvm_reg_model.svh'.
Parsing included file '/home/synopsys/vcs-mx/O-2018.09-1/etc/uvm-1.1/src/reg/uvm_reg_sequence.svh'.
Back to file '/home/synopsys/vcs-mx/O-2018.09-1/etc/uvm-1.1/src/reg/uvm_reg_model.svh'.
Parsing included file '/home/synopsys/vcs-mx/O-2018.09-1/etc/uvm-1.1/src/reg/uvm_reg_cbs.svh'.
Back to file '/home/synopsys/vcs-mx/O-2018.09-1/etc/uvm-1.1/src/reg/uvm_reg_model.svh'.
Parsing included file '/home/synopsys/vcs-mx/O-2018.09-1/etc/uvm-1.1/src/reg/uvm_reg_backdoor.svh'.
Back to file '/home/synopsys/vcs-mx/O-2018.09-1/etc/uvm-1.1/src/reg/uvm_reg_model.svh'.
Parsing included file '/home/synopsys/vcs-mx/O-2018.09-1/etc/uvm-1.1/src/reg/uvm_reg_field.svh'.
Back to file '/home/synopsys/vcs-mx/O-2018.09-1/etc/uvm-1.1/src/reg/uvm_reg_model.svh'.
Parsing included file '/home/synopsys/vcs-mx/O-2018.09-1/etc/uvm-1.1/src/reg/uvm_vreg_field.svh'.
Back to file '/home/synopsys/vcs-mx/O-2018.09-1/etc/uvm-1.1/src/reg/uvm_reg_model.svh'.
Parsing included file '/home/synopsys/vcs-mx/O-2018.09-1/etc/uvm-1.1/src/reg/uvm_reg.svh'.
Back to file '/home/synopsys/vcs-mx/O-2018.09-1/etc/uvm-1.1/src/reg/uvm_reg_model.svh'.
Parsing included file '/home/synopsys/vcs-mx/O-2018.09-1/etc/uvm-1.1/src/reg/uvm_reg_indirect.svh'.
Back to file '/home/synopsys/vcs-mx/O-2018.09-1/etc/uvm-1.1/src/reg/uvm_reg_model.svh'.
Parsing included file '/home/synopsys/vcs-mx/O-2018.09-1/etc/uvm-1.1/src/reg/uvm_reg_fifo.svh'.
Back to file '/home/synopsys/vcs-mx/O-2018.09-1/etc/uvm-1.1/src/reg/uvm_reg_model.svh'.
Parsing included file '/home/synopsys/vcs-mx/O-2018.09-1/etc/uvm-1.1/src/reg/uvm_reg_file.svh'.
Back to file '/home/synopsys/vcs-mx/O-2018.09-1/etc/uvm-1.1/src/reg/uvm_reg_model.svh'.
Parsing included file '/home/synopsys/vcs-mx/O-2018.09-1/etc/uvm-1.1/src/reg/uvm_mem_mam.svh'.
Back to file '/home/synopsys/vcs-mx/O-2018.09-1/etc/uvm-1.1/src/reg/uvm_reg_model.svh'.
Parsing included file '/home/synopsys/vcs-mx/O-2018.09-1/etc/uvm-1.1/src/reg/uvm_vreg.svh'.
Back to file '/home/synopsys/vcs-mx/O-2018.09-1/etc/uvm-1.1/src/reg/uvm_reg_model.svh'.
Parsing included file '/home/synopsys/vcs-mx/O-2018.09-1/etc/uvm-1.1/src/reg/uvm_mem.svh'.
Back to file '/home/synopsys/vcs-mx/O-2018.09-1/etc/uvm-1.1/src/reg/uvm_reg_model.svh'.
Parsing included file '/home/synopsys/vcs-mx/O-2018.09-1/etc/uvm-1.1/src/reg/uvm_reg_map.svh'.
Back to file '/home/synopsys/vcs-mx/O-2018.09-1/etc/uvm-1.1/src/reg/uvm_reg_model.svh'.
Parsing included file '/home/synopsys/vcs-mx/O-2018.09-1/etc/uvm-1.1/src/reg/uvm_reg_block.svh'.
Back to file '/home/synopsys/vcs-mx/O-2018.09-1/etc/uvm-1.1/src/reg/uvm_reg_model.svh'.
Parsing included file '/home/synopsys/vcs-mx/O-2018.09-1/etc/uvm-1.1/src/reg/sequences/uvm_reg_hw_reset_seq.svh'.
Back to file '/home/synopsys/vcs-mx/O-2018.09-1/etc/uvm-1.1/src/reg/uvm_reg_model.svh'.
Parsing included file '/home/synopsys/vcs-mx/O-2018.09-1/etc/uvm-1.1/src/reg/sequences/uvm_reg_bit_bash_seq.svh'.
Back to file '/home/synopsys/vcs-mx/O-2018.09-1/etc/uvm-1.1/src/reg/uvm_reg_model.svh'.
Parsing included file '/home/synopsys/vcs-mx/O-2018.09-1/etc/uvm-1.1/src/reg/sequences/uvm_mem_walk_seq.svh'.
Back to file '/home/synopsys/vcs-mx/O-2018.09-1/etc/uvm-1.1/src/reg/uvm_reg_model.svh'.
Parsing included file '/home/synopsys/vcs-mx/O-2018.09-1/etc/uvm-1.1/src/reg/sequences/uvm_mem_access_seq.svh'.
Back to file '/home/synopsys/vcs-mx/O-2018.09-1/etc/uvm-1.1/src/reg/uvm_reg_model.svh'.
Parsing included file '/home/synopsys/vcs-mx/O-2018.09-1/etc/uvm-1.1/src/reg/sequences/uvm_reg_access_seq.svh'.
Back to file '/home/synopsys/vcs-mx/O-2018.09-1/etc/uvm-1.1/src/reg/uvm_reg_model.svh'.
Parsing included file '/home/synopsys/vcs-mx/O-2018.09-1/etc/uvm-1.1/src/reg/sequences/uvm_reg_mem_shared_access_seq.svh'.
Back to file '/home/synopsys/vcs-mx/O-2018.09-1/etc/uvm-1.1/src/reg/uvm_reg_model.svh'.
Parsing included file '/home/synopsys/vcs-mx/O-2018.09-1/etc/uvm-1.1/src/reg/sequences/uvm_reg_mem_built_in_seq.svh'.
Back to file '/home/synopsys/vcs-mx/O-2018.09-1/etc/uvm-1.1/src/reg/uvm_reg_model.svh'.
Parsing included file '/home/synopsys/vcs-mx/O-2018.09-1/etc/uvm-1.1/src/reg/sequences/uvm_reg_mem_hdl_paths_seq.svh'.
Back to file '/home/synopsys/vcs-mx/O-2018.09-1/etc/uvm-1.1/src/reg/uvm_reg_model.svh'.
Parsing included file '/home/synopsys/vcs-mx/O-2018.09-1/etc/uvm-1.1/src/reg/snps_uvm_reg_bank.svh'.
Back to file '/home/synopsys/vcs-mx/O-2018.09-1/etc/uvm-1.1/src/reg/uvm_reg_model.svh'.
Back to file '/home/synopsys/vcs-mx/O-2018.09-1/etc/uvm-1.1/src/uvm_pkg.sv'.
Back to file '/home/synopsys/vcs-mx/O-2018.09-1/etc/uvm-1.1/src/uvm.sv'.
Parsing included file '/home/synopsys/vcs-mx/O-2018.09-1/etc/uvm-1.1/src/vcs/snps_reg.svh'.
Back to file '/home/synopsys/vcs-mx/O-2018.09-1/etc/uvm-1.1/src/uvm.sv'.
Parsing design file '../rtl/axi_internal_fifo.v'
Parsing design file '../rtl/uart_controller.v'
Parsing design file '../rtl/uart_parity_bit_compute.v'
Parsing design file '../rtl/uart_transmitter.v'
Parsing design file '../rtl/uart_receiver.v'
Parsing design file '../rtl/axi2uart_top.v'
Parsing included file '../rtl/axi_uart_defines.vh'.
Back to file '../rtl/axi2uart_top.v'.
Parsing included file '../rtl/axi_uart.vh'.
Back to file '../rtl/axi2uart_top.v'.
Parsing design file '../tb/uvm_uart/transaction.sv'
Parsing design file '../tb/uvm_uart/uart_tx_if.sv'
Parsing design file '../tb/uvm_uart/uart_tx_sequence.sv'
Parsing design file '../tb/uvm_uart/uart_tx_sequencer.sv'
Parsing design file '../tb/uvm_uart/uart_tx_driver.sv'
Parsing design file '../tb/uvm_uart/uart_tx_agent.sv'
Parsing design file '../tb/uvm_uart/axi_rx_monitor.sv'
Parsing design file '../tb/uvm_uart/axi_rd_if.sv'
Parsing design file '../tb/uvm_uart/uart_rx_if.sv'
Parsing design file '../tb/uvm_uart/axi_rx_agent.sv'
Parsing design file '../tb/uvm_uart/scoreboard.sv'
Parsing design file '../tb/uvm_uart/env.sv'
Parsing design file '../tb/uvm_uart/axi2uart_simtop.sv'
Parsing included file '/home/synopsys/vcs-mx/O-2018.09-1/etc/uvm-1.1/src/uvm_pkg.sv'.
Back to file '../tb/uvm_uart/axi2uart_simtop.sv'.
Parsing included file '/home/synopsys/vcs-mx/O-2018.09-1/etc/uvm-1.1/src/uvm_macros.svh'.
Back to file '../tb/uvm_uart/axi2uart_simtop.sv'.
Parsing design file './my_test.sv'
Parsing design file './my_seq.sv'
Top Level Modules:
       simtop
TimeScale is 1 ns / 1 ns

Warning-[TFIPC] Too few instance port connections
../tb/uvm_uart/axi2uart_simtop.sv, 39
simtop, "axi2uart_top axi2uart_top_inst( .clk (clk),  .rst_n (rst_n),  .uart_rx (dut_rx),  .uart_tx (dut_tx),  .uart_irq (axi_rd_if_sigs0.uart_irq),  .s_axi_araddr (axi_rd_if_sigs0.s_axi_araddr),  .s_axi_arvalid (axi_rd_if_sigs0.s_axi_arvalid),  .s_axi_arready (axi_rd_if_sigs0.s_axi_arready),  .s_axi_rdata (axi_rd_if_sigs0.s_axi_rdata),  .s_axi_rresp (axi_rd_if_sigs0.s_axi_rresp),  .s_axi_rvalid (axi_rd_if_sigs0.s_axi_rvalid),  .s_axi_rready (axi_rd_if_sigs0.s_axi_rready));"
  The above instance has fewer port connections than the module definition.
  Please use '+lint=TFIPC-L' to print out detailed information of unconnected 
  ports.


Warning-[PCWM-W] Port connection width mismatch
../tb/uvm_uart/axi2uart_simtop.sv, 39
"axi2uart_top axi2uart_top_inst( .clk (clk),  .rst_n (rst_n),  .uart_rx (dut_rx),  .uart_tx (dut_tx),  .uart_irq (simtop.axi_rd_if_sigs0.uart_irq),  .s_axi_araddr (simtop.axi_rd_if_sigs0.s_axi_araddr),  .s_axi_arvalid (simtop.axi_rd_if_sigs0.s_axi_arvalid),  .s_axi_arready (simtop.axi_rd_if_sigs0.s_axi_arready),  .s_axi_rdata (simtop.axi_rd_if_sigs0.s_axi_rdata),  .s_axi_rresp (simtop.axi_rd_if_sigs0.s_axi_rresp),  .s_axi_rvalid (simtop.axi_rd_if_sigs0.s_axi_rvalid),  .s_axi_rready (simtop.axi_rd_if_sigs0.s_axi_rready));"
  The following 32-bit expression is connected to 5-bit port "s_axi_araddr" of
  module "axi2uart_top", instance "axi2uart_top_inst".
  Expression: simtop.axi_rd_if_sigs0.s_axi_araddr
  	use +lint=PCWM for more details


Warning-[PCWM-W] Port connection width mismatch
../rtl/axi2uart_top.v, 616
"axi_internal_fifo #(AXI_FIFO_DEPTH, DATA_WIDTH_UART, AXI_FIFO_ADDR, 3'b111, , , , , , , , , ) axi_internal_fifo_rx_inst( .clk_i (clk),  .arstn_i (rst_n),  .rst_i (0),  .push_i (push_controller_rx_fifo),  .pull_i (rx_fifo_pull_int),  .data_i (data_rx_controller_fifo),  .data_o (rx_fifo_data_out_int),  .status_o (rx_status_int));"
  The following 32-bit expression is connected to 1-bit port "rst_i" of module
  "axi_internal_fifo", instance "axi_internal_fifo_rx_inst".
  Expression: 0
  	use +lint=PCWM for more details


Warning-[PCWM-W] Port connection width mismatch
../rtl/axi2uart_top.v, 616
"axi_internal_fifo #(AXI_FIFO_DEPTH, DATA_WIDTH_UART, AXI_FIFO_ADDR, 3'b111, , , , , , , , , ) axi_internal_fifo_rx_inst( .clk_i (clk),  .arstn_i (rst_n),  .rst_i (0),  .push_i (push_controller_rx_fifo),  .pull_i (rx_fifo_pull_int),  .data_i (data_rx_controller_fifo),  .data_o (rx_fifo_data_out_int),  .status_o (rx_status_int));"
  The following 5-bit expression is connected to 8-bit port "status_o" of 
  module "axi_internal_fifo", instance "axi_internal_fifo_rx_inst".
  Expression: rx_status_int
  	use +lint=PCWM for more details

VCS Coverage Metrics Release O-2018.09-1_Full64 Copyright (c) 1991-2018 by Synopsys Inc.
***** Warning: +memcbk/-debug_access will not enable toggle coverage on MDAs.  Please use -cm_tgl mda to enable it.
Starting vcs inline pass...
13 modules and 0 UDP read.
recompiling package vcs_paramclassrepository
recompiling package _vcs_DPI_package
recompiling package _vcs_vmm
recompiling package uvm_pkg
recompiling module axi_internal_fifo
recompiling module uart_parity_bit_compute
recompiling module uart_transmitter
recompiling module uart_receiver
recompiling module axi2uart_top
recompiling module uart_tx_if
recompiling module axi_rd_if
recompiling module uart_rx_if
recompiling module simtop
All of 13 modules done
make[1]: Entering directory '/home/ICer/ic_prjs/pmod/my_pmod/my_axi_lite2uart/work/csrc' \

rm -f _csrc*.so pre_vcsobj_*.so share_vcsobj_*.so
g++ -w  -pipe -fPIC -DVCS -O -I/home/synopsys/vcs-mx/O-2018.09-1/include    -c /home/synopsys/vcs-mx/O-2018.09-1/etc/uvm-1.1/src/dpi/uvm_dpi.cc \

gcc  -w  -pipe -fPIC -DVCS -O -I/home/synopsys/vcs-mx/O-2018.09-1/include    -fPIC \
-c -o uM9F1_0x2aB.o uM9F1_0x2aB.c
if [ -x ../simv ]; then chmod -x ../simv; fi
g++  -o ../simv    -Wl,-rpath-link=./ -Wl,-rpath='$ORIGIN'/simv.daidir/ -Wl,-rpath=./simv.daidir/ \
-Wl,-rpath='$ORIGIN'/simv.daidir//scsim.db.dir  -rdynamic  -Wl,-rpath=/home/synopsys/vcs-mx/O-2018.09-1/linux64/lib \
-L/home/synopsys/vcs-mx/O-2018.09-1/linux64/lib  uvm_dpi.o   objs/amcQw_d.o   _123505_archive_1.so \
SIM_l.o    uM9F1_0x2aB.o   rmapats_mop.o rmapats.o rmar.o rmar_nd.o  rmar_llvm_0_1.o \
rmar_llvm_0_0.o          -lzerosoft_rt_stubs -lvirsim -lerrorinf -lsnpsmalloc -lvfs \
-lvcsnew -lsimprofile -lreader_common /home/synopsys/vcs-mx/O-2018.09-1/linux64/lib/libBA.a \
-luclinative /home/synopsys/vcs-mx/O-2018.09-1/linux64/lib/vcs_tls.o   -Wl,-whole-archive \
-lvcsucli -Wl,-no-whole-archive       ./../simv.daidir/vc_hdrs.o  _vcs_pli_stub_.o \
/home/synopsys/vcs-mx/O-2018.09-1/linux64/lib/vcs_save_restore_new.o /home/synopsys/verdi/Verdi_O-2018.09-SP2/share/PLI/VCS/LINUX64/pli.a \
-ldl  -lc -lm -lpthread -ldl 
../simv up to date
make[1]: Leaving directory '/home/ICer/ic_prjs/pmod/my_pmod/my_axi_lite2uart/work/csrc' \

CPU time: 10.072 seconds to compile + .352 seconds to elab + .593 seconds to link
