Command: vcs -sverilog -fsdb -full64 -timescale=1ns/1ns +acc +vpi +error+1000 +vcs+lic+wait \
-lca +define+UVM_OBJECT_MUST_HAVE_CONSTRUCTOR +define+UVM_OBJECTION_TRACE +incdir+/home/synopsys/vcs-mx/O-2018.09-1/etc/uvm-1.1/src \
/home/synopsys/vcs-mx/O-2018.09-1/etc/uvm-1.1/src/uvm.sv +define+SYNOPSYS_SV +define+NTB \
-ntb_define NTB -ntb_opts rvm -ntb_opts use_sigprop -ntb_opts dw_vip /home/synopsys/vcs-mx/O-2018.09-1/etc/uvm-1.1/src/dpi/uvm_dpi.cc \
-CFLAGS -DVCS -debug_pp -f filelist.f -l comp.log -cm line+cond+fsm+branch+tgl -cm_name \
simv -cm_dir ./cov/test_single_transfer.vdb +define+SVA+ASSERT_ON

Warning-[DEBUG_DEP] Option will be deprecated
  The option '-fsdb' will be deprecated in a future release.  Please use 
  '-debug_acc+dmptf -debug_region+cell+encrypt' instead.

                         Chronologic VCS (TM)
        Version O-2018.09-1_Full64 -- Mon Nov  4 15:33:37 2024
               Copyright (c) 1991-2018 by Synopsys Inc.
                         ALL RIGHTS RESERVED

This program is proprietary and confidential information of Synopsys Inc.
and may be used and disclosed only as authorized in a license agreement
controlling such use and disclosure.


Warning-[DEPRECATED_OPTION] Deprecated option used
  The specified option '+acc' is deprecated.
  Please use '-debug_access+r+w+nomemcbk -debug_region+cell' instead.


Warning-[LCA_FEATURES_ENABLED] Usage warning
  LCA features enabled by '-lca' argument on the command line.  For more 
  information regarding list of LCA features please refer to Chapter "LCA 
  features" in the VCS/VCS-MX Release Notes

Parsing design file '/home/synopsys/vcs-mx/O-2018.09-1/etc/rvm/vmm.sv'
Parsing design file '/home/synopsys/vcs-mx/O-2018.09-1/etc/rvm/vmm.sv'
Parsing design file '/home/synopsys/vcs-mx/O-2018.09-1/etc/uvm-1.1/src/uvm.sv'
Parsing included file '/home/synopsys/vcs-mx/O-2018.09-1/etc/uvm-1.1/src/uvm_pkg.sv'.
Parsing included file '/home/synopsys/vcs-mx/O-2018.09-1/etc/uvm-1.1/src/uvm_macros.svh'.
Parsing included file '/home/synopsys/vcs-mx/O-2018.09-1/etc/uvm-1.1/src/macros/uvm_version_defines.svh'.
Back to file '/home/synopsys/vcs-mx/O-2018.09-1/etc/uvm-1.1/src/uvm_macros.svh'.
Parsing included file '/home/synopsys/vcs-mx/O-2018.09-1/etc/uvm-1.1/src/macros/uvm_message_defines.svh'.
Back to file '/home/synopsys/vcs-mx/O-2018.09-1/etc/uvm-1.1/src/uvm_macros.svh'.
Parsing included file '/home/synopsys/vcs-mx/O-2018.09-1/etc/uvm-1.1/src/macros/uvm_phase_defines.svh'.
Back to file '/home/synopsys/vcs-mx/O-2018.09-1/etc/uvm-1.1/src/uvm_macros.svh'.
Parsing included file '/home/synopsys/vcs-mx/O-2018.09-1/etc/uvm-1.1/src/macros/uvm_object_defines.svh'.
Back to file '/home/synopsys/vcs-mx/O-2018.09-1/etc/uvm-1.1/src/uvm_macros.svh'.
Parsing included file '/home/synopsys/vcs-mx/O-2018.09-1/etc/uvm-1.1/src/macros/uvm_printer_defines.svh'.
Back to file '/home/synopsys/vcs-mx/O-2018.09-1/etc/uvm-1.1/src/uvm_macros.svh'.
Parsing included file '/home/synopsys/vcs-mx/O-2018.09-1/etc/uvm-1.1/src/macros/uvm_tlm_defines.svh'.
Parsing included file '/home/synopsys/vcs-mx/O-2018.09-1/etc/uvm-1.1/src/tlm1/uvm_tlm_imps.svh'.
Back to file '/home/synopsys/vcs-mx/O-2018.09-1/etc/uvm-1.1/src/macros/uvm_tlm_defines.svh'.
Back to file '/home/synopsys/vcs-mx/O-2018.09-1/etc/uvm-1.1/src/uvm_macros.svh'.
Parsing included file '/home/synopsys/vcs-mx/O-2018.09-1/etc/uvm-1.1/src/macros/uvm_sequence_defines.svh'.
Back to file '/home/synopsys/vcs-mx/O-2018.09-1/etc/uvm-1.1/src/uvm_macros.svh'.
Parsing included file '/home/synopsys/vcs-mx/O-2018.09-1/etc/uvm-1.1/src/macros/uvm_callback_defines.svh'.
Back to file '/home/synopsys/vcs-mx/O-2018.09-1/etc/uvm-1.1/src/uvm_macros.svh'.
Parsing included file '/home/synopsys/vcs-mx/O-2018.09-1/etc/uvm-1.1/src/macros/uvm_reg_defines.svh'.
Back to file '/home/synopsys/vcs-mx/O-2018.09-1/etc/uvm-1.1/src/uvm_macros.svh'.
Parsing included file '/home/synopsys/vcs-mx/O-2018.09-1/etc/uvm-1.1/src/macros/uvm_deprecated_defines.svh'.
Back to file '/home/synopsys/vcs-mx/O-2018.09-1/etc/uvm-1.1/src/uvm_macros.svh'.
Back to file '/home/synopsys/vcs-mx/O-2018.09-1/etc/uvm-1.1/src/uvm_pkg.sv'.
Parsing included file '/home/synopsys/vcs-mx/O-2018.09-1/etc/uvm-1.1/src/dpi/uvm_dpi.svh'.
Parsing included file '/home/synopsys/vcs-mx/O-2018.09-1/etc/uvm-1.1/src/dpi/uvm_hdl.svh'.
Back to file '/home/synopsys/vcs-mx/O-2018.09-1/etc/uvm-1.1/src/dpi/uvm_dpi.svh'.
Parsing included file '/home/synopsys/vcs-mx/O-2018.09-1/etc/uvm-1.1/src/dpi/uvm_svcmd_dpi.svh'.
Back to file '/home/synopsys/vcs-mx/O-2018.09-1/etc/uvm-1.1/src/dpi/uvm_dpi.svh'.
Parsing included file '/home/synopsys/vcs-mx/O-2018.09-1/etc/uvm-1.1/src/dpi/uvm_regex.svh'.
Back to file '/home/synopsys/vcs-mx/O-2018.09-1/etc/uvm-1.1/src/dpi/uvm_dpi.svh'.
Back to file '/home/synopsys/vcs-mx/O-2018.09-1/etc/uvm-1.1/src/uvm_pkg.sv'.
Parsing included file '/home/synopsys/vcs-mx/O-2018.09-1/etc/uvm-1.1/src/base/uvm_base.svh'.
Parsing included file '/home/synopsys/vcs-mx/O-2018.09-1/etc/uvm-1.1/src/base/uvm_version.svh'.
Back to file '/home/synopsys/vcs-mx/O-2018.09-1/etc/uvm-1.1/src/base/uvm_base.svh'.
Parsing included file '/home/synopsys/vcs-mx/O-2018.09-1/etc/uvm-1.1/src/base/uvm_object_globals.svh'.
Back to file '/home/synopsys/vcs-mx/O-2018.09-1/etc/uvm-1.1/src/base/uvm_base.svh'.
Parsing included file '/home/synopsys/vcs-mx/O-2018.09-1/etc/uvm-1.1/src/base/uvm_misc.svh'.
Back to file '/home/synopsys/vcs-mx/O-2018.09-1/etc/uvm-1.1/src/base/uvm_base.svh'.
Parsing included file '/home/synopsys/vcs-mx/O-2018.09-1/etc/uvm-1.1/src/base/uvm_object.svh'.
Back to file '/home/synopsys/vcs-mx/O-2018.09-1/etc/uvm-1.1/src/base/uvm_base.svh'.
Parsing included file '/home/synopsys/vcs-mx/O-2018.09-1/etc/uvm-1.1/src/base/uvm_pool.svh'.
Back to file '/home/synopsys/vcs-mx/O-2018.09-1/etc/uvm-1.1/src/base/uvm_base.svh'.
Parsing included file '/home/synopsys/vcs-mx/O-2018.09-1/etc/uvm-1.1/src/base/uvm_queue.svh'.
Back to file '/home/synopsys/vcs-mx/O-2018.09-1/etc/uvm-1.1/src/base/uvm_base.svh'.
Parsing included file '/home/synopsys/vcs-mx/O-2018.09-1/etc/uvm-1.1/src/base/uvm_factory.svh'.
Back to file '/home/synopsys/vcs-mx/O-2018.09-1/etc/uvm-1.1/src/base/uvm_base.svh'.
Parsing included file '/home/synopsys/vcs-mx/O-2018.09-1/etc/uvm-1.1/src/base/uvm_registry.svh'.
Back to file '/home/synopsys/vcs-mx/O-2018.09-1/etc/uvm-1.1/src/base/uvm_base.svh'.
Parsing included file '/home/synopsys/vcs-mx/O-2018.09-1/etc/uvm-1.1/src/base/uvm_spell_chkr.svh'.
Back to file '/home/synopsys/vcs-mx/O-2018.09-1/etc/uvm-1.1/src/base/uvm_base.svh'.
Parsing included file '/home/synopsys/vcs-mx/O-2018.09-1/etc/uvm-1.1/src/base/uvm_resource.svh'.
Back to file '/home/synopsys/vcs-mx/O-2018.09-1/etc/uvm-1.1/src/base/uvm_base.svh'.
Parsing included file '/home/synopsys/vcs-mx/O-2018.09-1/etc/uvm-1.1/src/deprecated/uvm_resource_converter.svh'.
Back to file '/home/synopsys/vcs-mx/O-2018.09-1/etc/uvm-1.1/src/base/uvm_base.svh'.
Parsing included file '/home/synopsys/vcs-mx/O-2018.09-1/etc/uvm-1.1/src/base/uvm_resource_specializations.svh'.
Back to file '/home/synopsys/vcs-mx/O-2018.09-1/etc/uvm-1.1/src/base/uvm_base.svh'.
Parsing included file '/home/synopsys/vcs-mx/O-2018.09-1/etc/uvm-1.1/src/base/uvm_resource_db.svh'.
Back to file '/home/synopsys/vcs-mx/O-2018.09-1/etc/uvm-1.1/src/base/uvm_base.svh'.
Parsing included file '/home/synopsys/vcs-mx/O-2018.09-1/etc/uvm-1.1/src/base/uvm_config_db.svh'.
Back to file '/home/synopsys/vcs-mx/O-2018.09-1/etc/uvm-1.1/src/base/uvm_base.svh'.
Parsing included file '/home/synopsys/vcs-mx/O-2018.09-1/etc/uvm-1.1/src/base/uvm_printer.svh'.
Back to file '/home/synopsys/vcs-mx/O-2018.09-1/etc/uvm-1.1/src/base/uvm_base.svh'.
Parsing included file '/home/synopsys/vcs-mx/O-2018.09-1/etc/uvm-1.1/src/base/uvm_comparer.svh'.
Back to file '/home/synopsys/vcs-mx/O-2018.09-1/etc/uvm-1.1/src/base/uvm_base.svh'.
Parsing included file '/home/synopsys/vcs-mx/O-2018.09-1/etc/uvm-1.1/src/base/uvm_packer.svh'.
Back to file '/home/synopsys/vcs-mx/O-2018.09-1/etc/uvm-1.1/src/base/uvm_base.svh'.
Parsing included file '/home/synopsys/vcs-mx/O-2018.09-1/etc/uvm-1.1/src/base/uvm_recorder.svh'.
Back to file '/home/synopsys/vcs-mx/O-2018.09-1/etc/uvm-1.1/src/base/uvm_base.svh'.
Parsing included file '/home/synopsys/vcs-mx/O-2018.09-1/etc/uvm-1.1/src/base/uvm_event_callback.svh'.
Back to file '/home/synopsys/vcs-mx/O-2018.09-1/etc/uvm-1.1/src/base/uvm_base.svh'.
Parsing included file '/home/synopsys/vcs-mx/O-2018.09-1/etc/uvm-1.1/src/base/uvm_event.svh'.
Back to file '/home/synopsys/vcs-mx/O-2018.09-1/etc/uvm-1.1/src/base/uvm_base.svh'.
Parsing included file '/home/synopsys/vcs-mx/O-2018.09-1/etc/uvm-1.1/src/base/uvm_barrier.svh'.
Back to file '/home/synopsys/vcs-mx/O-2018.09-1/etc/uvm-1.1/src/base/uvm_base.svh'.
Parsing included file '/home/synopsys/vcs-mx/O-2018.09-1/etc/uvm-1.1/src/base/uvm_callback.svh'.
Parsing included file '/home/synopsys/vcs-mx/O-2018.09-1/etc/uvm-1.1/src/uvm_macros.svh'.
Back to file '/home/synopsys/vcs-mx/O-2018.09-1/etc/uvm-1.1/src/base/uvm_callback.svh'.
Back to file '/home/synopsys/vcs-mx/O-2018.09-1/etc/uvm-1.1/src/base/uvm_base.svh'.
Parsing included file '/home/synopsys/vcs-mx/O-2018.09-1/etc/uvm-1.1/src/base/uvm_report_catcher.svh'.
Back to file '/home/synopsys/vcs-mx/O-2018.09-1/etc/uvm-1.1/src/base/uvm_base.svh'.
Parsing included file '/home/synopsys/vcs-mx/O-2018.09-1/etc/uvm-1.1/src/base/uvm_report_server.svh'.
Back to file '/home/synopsys/vcs-mx/O-2018.09-1/etc/uvm-1.1/src/base/uvm_base.svh'.
Parsing included file '/home/synopsys/vcs-mx/O-2018.09-1/etc/uvm-1.1/src/base/uvm_report_handler.svh'.
Back to file '/home/synopsys/vcs-mx/O-2018.09-1/etc/uvm-1.1/src/base/uvm_base.svh'.
Parsing included file '/home/synopsys/vcs-mx/O-2018.09-1/etc/uvm-1.1/src/base/uvm_report_object.svh'.
Back to file '/home/synopsys/vcs-mx/O-2018.09-1/etc/uvm-1.1/src/base/uvm_base.svh'.
Parsing included file '/home/synopsys/vcs-mx/O-2018.09-1/etc/uvm-1.1/src/base/uvm_transaction.svh'.
Back to file '/home/synopsys/vcs-mx/O-2018.09-1/etc/uvm-1.1/src/base/uvm_base.svh'.
Parsing included file '/home/synopsys/vcs-mx/O-2018.09-1/etc/uvm-1.1/src/base/uvm_phase.svh'.
Back to file '/home/synopsys/vcs-mx/O-2018.09-1/etc/uvm-1.1/src/base/uvm_base.svh'.
Parsing included file '/home/synopsys/vcs-mx/O-2018.09-1/etc/uvm-1.1/src/base/uvm_domain.svh'.
Back to file '/home/synopsys/vcs-mx/O-2018.09-1/etc/uvm-1.1/src/base/uvm_base.svh'.
Parsing included file '/home/synopsys/vcs-mx/O-2018.09-1/etc/uvm-1.1/src/base/uvm_bottomup_phase.svh'.
Back to file '/home/synopsys/vcs-mx/O-2018.09-1/etc/uvm-1.1/src/base/uvm_base.svh'.
Parsing included file '/home/synopsys/vcs-mx/O-2018.09-1/etc/uvm-1.1/src/base/uvm_topdown_phase.svh'.
Back to file '/home/synopsys/vcs-mx/O-2018.09-1/etc/uvm-1.1/src/base/uvm_base.svh'.
Parsing included file '/home/synopsys/vcs-mx/O-2018.09-1/etc/uvm-1.1/src/base/uvm_task_phase.svh'.
Back to file '/home/synopsys/vcs-mx/O-2018.09-1/etc/uvm-1.1/src/base/uvm_base.svh'.
Parsing included file '/home/synopsys/vcs-mx/O-2018.09-1/etc/uvm-1.1/src/base/uvm_common_phases.svh'.
Back to file '/home/synopsys/vcs-mx/O-2018.09-1/etc/uvm-1.1/src/base/uvm_base.svh'.
Parsing included file '/home/synopsys/vcs-mx/O-2018.09-1/etc/uvm-1.1/src/base/uvm_runtime_phases.svh'.
Back to file '/home/synopsys/vcs-mx/O-2018.09-1/etc/uvm-1.1/src/base/uvm_base.svh'.
Parsing included file '/home/synopsys/vcs-mx/O-2018.09-1/etc/uvm-1.1/src/base/uvm_component.svh'.
Parsing included file '/home/synopsys/vcs-mx/O-2018.09-1/etc/uvm-1.1/src/base/uvm_root.svh'.
Back to file '/home/synopsys/vcs-mx/O-2018.09-1/etc/uvm-1.1/src/base/uvm_component.svh'.
Back to file '/home/synopsys/vcs-mx/O-2018.09-1/etc/uvm-1.1/src/base/uvm_base.svh'.
Parsing included file '/home/synopsys/vcs-mx/O-2018.09-1/etc/uvm-1.1/src/base/uvm_objection.svh'.
Back to file '/home/synopsys/vcs-mx/O-2018.09-1/etc/uvm-1.1/src/base/uvm_base.svh'.
Parsing included file '/home/synopsys/vcs-mx/O-2018.09-1/etc/uvm-1.1/src/base/uvm_heartbeat.svh'.
Back to file '/home/synopsys/vcs-mx/O-2018.09-1/etc/uvm-1.1/src/base/uvm_base.svh'.
Parsing included file '/home/synopsys/vcs-mx/O-2018.09-1/etc/uvm-1.1/src/base/uvm_globals.svh'.
Back to file '/home/synopsys/vcs-mx/O-2018.09-1/etc/uvm-1.1/src/base/uvm_base.svh'.
Parsing included file '/home/synopsys/vcs-mx/O-2018.09-1/etc/uvm-1.1/src/base/uvm_cmdline_processor.svh'.
Back to file '/home/synopsys/vcs-mx/O-2018.09-1/etc/uvm-1.1/src/base/uvm_base.svh'.
Back to file '/home/synopsys/vcs-mx/O-2018.09-1/etc/uvm-1.1/src/uvm_pkg.sv'.
Parsing included file '/home/synopsys/vcs-mx/O-2018.09-1/etc/uvm-1.1/src/tlm1/uvm_tlm.svh'.
Parsing included file '/home/synopsys/vcs-mx/O-2018.09-1/etc/uvm-1.1/src/tlm1/uvm_tlm_ifs.svh'.
Back to file '/home/synopsys/vcs-mx/O-2018.09-1/etc/uvm-1.1/src/tlm1/uvm_tlm.svh'.
Parsing included file '/home/synopsys/vcs-mx/O-2018.09-1/etc/uvm-1.1/src/tlm1/uvm_sqr_ifs.svh'.
Back to file '/home/synopsys/vcs-mx/O-2018.09-1/etc/uvm-1.1/src/tlm1/uvm_tlm.svh'.
Parsing included file '/home/synopsys/vcs-mx/O-2018.09-1/etc/uvm-1.1/src/base/uvm_port_base.svh'.
Back to file '/home/synopsys/vcs-mx/O-2018.09-1/etc/uvm-1.1/src/tlm1/uvm_tlm.svh'.
Parsing included file '/home/synopsys/vcs-mx/O-2018.09-1/etc/uvm-1.1/src/tlm1/uvm_tlm_imps.svh'.
Back to file '/home/synopsys/vcs-mx/O-2018.09-1/etc/uvm-1.1/src/tlm1/uvm_tlm.svh'.
Parsing included file '/home/synopsys/vcs-mx/O-2018.09-1/etc/uvm-1.1/src/tlm1/uvm_imps.svh'.
Back to file '/home/synopsys/vcs-mx/O-2018.09-1/etc/uvm-1.1/src/tlm1/uvm_tlm.svh'.
Parsing included file '/home/synopsys/vcs-mx/O-2018.09-1/etc/uvm-1.1/src/tlm1/uvm_ports.svh'.
Back to file '/home/synopsys/vcs-mx/O-2018.09-1/etc/uvm-1.1/src/tlm1/uvm_tlm.svh'.
Parsing included file '/home/synopsys/vcs-mx/O-2018.09-1/etc/uvm-1.1/src/tlm1/uvm_exports.svh'.
Back to file '/home/synopsys/vcs-mx/O-2018.09-1/etc/uvm-1.1/src/tlm1/uvm_tlm.svh'.
Parsing included file '/home/synopsys/vcs-mx/O-2018.09-1/etc/uvm-1.1/src/tlm1/uvm_analysis_port.svh'.
Back to file '/home/synopsys/vcs-mx/O-2018.09-1/etc/uvm-1.1/src/tlm1/uvm_tlm.svh'.
Parsing included file '/home/synopsys/vcs-mx/O-2018.09-1/etc/uvm-1.1/src/tlm1/uvm_tlm_fifo_base.svh'.
Back to file '/home/synopsys/vcs-mx/O-2018.09-1/etc/uvm-1.1/src/tlm1/uvm_tlm.svh'.
Parsing included file '/home/synopsys/vcs-mx/O-2018.09-1/etc/uvm-1.1/src/tlm1/uvm_tlm_fifos.svh'.
Back to file '/home/synopsys/vcs-mx/O-2018.09-1/etc/uvm-1.1/src/tlm1/uvm_tlm.svh'.
Parsing included file '/home/synopsys/vcs-mx/O-2018.09-1/etc/uvm-1.1/src/tlm1/uvm_tlm_req_rsp.svh'.
Back to file '/home/synopsys/vcs-mx/O-2018.09-1/etc/uvm-1.1/src/tlm1/uvm_tlm.svh'.
Parsing included file '/home/synopsys/vcs-mx/O-2018.09-1/etc/uvm-1.1/src/tlm1/uvm_sqr_connections.svh'.
Back to file '/home/synopsys/vcs-mx/O-2018.09-1/etc/uvm-1.1/src/tlm1/uvm_tlm.svh'.
Back to file '/home/synopsys/vcs-mx/O-2018.09-1/etc/uvm-1.1/src/uvm_pkg.sv'.
Parsing included file '/home/synopsys/vcs-mx/O-2018.09-1/etc/uvm-1.1/src/comps/uvm_comps.svh'.
Parsing included file '/home/synopsys/vcs-mx/O-2018.09-1/etc/uvm-1.1/src/comps/uvm_pair.svh'.
Back to file '/home/synopsys/vcs-mx/O-2018.09-1/etc/uvm-1.1/src/comps/uvm_comps.svh'.
Parsing included file '/home/synopsys/vcs-mx/O-2018.09-1/etc/uvm-1.1/src/comps/uvm_policies.svh'.
Back to file '/home/synopsys/vcs-mx/O-2018.09-1/etc/uvm-1.1/src/comps/uvm_comps.svh'.
Parsing included file '/home/synopsys/vcs-mx/O-2018.09-1/etc/uvm-1.1/src/comps/uvm_in_order_comparator.svh'.
Back to file '/home/synopsys/vcs-mx/O-2018.09-1/etc/uvm-1.1/src/comps/uvm_comps.svh'.
Parsing included file '/home/synopsys/vcs-mx/O-2018.09-1/etc/uvm-1.1/src/comps/uvm_algorithmic_comparator.svh'.
Back to file '/home/synopsys/vcs-mx/O-2018.09-1/etc/uvm-1.1/src/comps/uvm_comps.svh'.
Parsing included file '/home/synopsys/vcs-mx/O-2018.09-1/etc/uvm-1.1/src/comps/uvm_random_stimulus.svh'.
Back to file '/home/synopsys/vcs-mx/O-2018.09-1/etc/uvm-1.1/src/comps/uvm_comps.svh'.
Parsing included file '/home/synopsys/vcs-mx/O-2018.09-1/etc/uvm-1.1/src/comps/uvm_subscriber.svh'.
Back to file '/home/synopsys/vcs-mx/O-2018.09-1/etc/uvm-1.1/src/comps/uvm_comps.svh'.
Parsing included file '/home/synopsys/vcs-mx/O-2018.09-1/etc/uvm-1.1/src/comps/uvm_monitor.svh'.
Back to file '/home/synopsys/vcs-mx/O-2018.09-1/etc/uvm-1.1/src/comps/uvm_comps.svh'.
Parsing included file '/home/synopsys/vcs-mx/O-2018.09-1/etc/uvm-1.1/src/comps/uvm_driver.svh'.
Back to file '/home/synopsys/vcs-mx/O-2018.09-1/etc/uvm-1.1/src/comps/uvm_comps.svh'.
Parsing included file '/home/synopsys/vcs-mx/O-2018.09-1/etc/uvm-1.1/src/comps/uvm_push_driver.svh'.
Back to file '/home/synopsys/vcs-mx/O-2018.09-1/etc/uvm-1.1/src/comps/uvm_comps.svh'.
Parsing included file '/home/synopsys/vcs-mx/O-2018.09-1/etc/uvm-1.1/src/comps/uvm_scoreboard.svh'.
Back to file '/home/synopsys/vcs-mx/O-2018.09-1/etc/uvm-1.1/src/comps/uvm_comps.svh'.
Parsing included file '/home/synopsys/vcs-mx/O-2018.09-1/etc/uvm-1.1/src/comps/uvm_agent.svh'.
Back to file '/home/synopsys/vcs-mx/O-2018.09-1/etc/uvm-1.1/src/comps/uvm_comps.svh'.
Parsing included file '/home/synopsys/vcs-mx/O-2018.09-1/etc/uvm-1.1/src/comps/uvm_env.svh'.
Back to file '/home/synopsys/vcs-mx/O-2018.09-1/etc/uvm-1.1/src/comps/uvm_comps.svh'.
Parsing included file '/home/synopsys/vcs-mx/O-2018.09-1/etc/uvm-1.1/src/comps/uvm_test.svh'.
Back to file '/home/synopsys/vcs-mx/O-2018.09-1/etc/uvm-1.1/src/comps/uvm_comps.svh'.
Back to file '/home/synopsys/vcs-mx/O-2018.09-1/etc/uvm-1.1/src/uvm_pkg.sv'.
Parsing included file '/home/synopsys/vcs-mx/O-2018.09-1/etc/uvm-1.1/src/seq/uvm_seq.svh'.
Parsing included file '/home/synopsys/vcs-mx/O-2018.09-1/etc/uvm-1.1/src/seq/uvm_sequence_item.svh'.
Back to file '/home/synopsys/vcs-mx/O-2018.09-1/etc/uvm-1.1/src/seq/uvm_seq.svh'.
Parsing included file '/home/synopsys/vcs-mx/O-2018.09-1/etc/uvm-1.1/src/seq/uvm_sequencer_base.svh'.
Back to file '/home/synopsys/vcs-mx/O-2018.09-1/etc/uvm-1.1/src/seq/uvm_seq.svh'.
Parsing included file '/home/synopsys/vcs-mx/O-2018.09-1/etc/uvm-1.1/src/seq/uvm_sequencer_analysis_fifo.s